SF:lib/models/person.dart
DA:12,5
DA:20,1
DA:21,4
DA:22,1
DA:23,2
DA:26,2
DA:27,4
DA:30,0
DA:31,0
DA:32,0
DA:33,0
DA:34,0
DA:35,0
DA:36,0
DA:40,1
DA:41,1
DA:42,1
DA:43,1
DA:44,1
DA:45,2
DA:46,2
DA:50,0
DA:52,0
DA:53,0
LF:24
LH:14
end_of_record
SF:lib/bloc/person_bloc.dart
DA:8,8
DA:9,2
DA:10,0
DA:12,2
DA:13,4
DA:17,0
DA:18,0
DA:21,2
DA:22,4
DA:24,4
DA:25,4
DA:27,4
LF:12
LH:9
end_of_record
SF:lib/repository/person_repository.dart
DA:9,1
DA:11,1
DA:12,2
DA:13,1
DA:17,2
DA:18,2
DA:19,4
DA:21,1
LF:8
LH:8
end_of_record
SF:lib/bloc/person_state.dart
DA:9,3
DA:13,3
DA:19,3
LF:3
LH:3
end_of_record
SF:lib/pages/home_page.dart
DA:9,1
DA:11,1
DA:13,1
DA:14,1
DA:15,1
DA:18,1
DA:19,1
DA:21,1
DA:22,2
DA:23,3
DA:25,1
DA:27,0
DA:33,1
DA:34,1
DA:36,1
DA:37,1
DA:38,1
DA:39,1
DA:42,1
DA:49,1
DA:51,2
DA:52,1
DA:55,1
DA:56,2
DA:57,1
DA:58,1
DA:59,0
DA:60,0
DA:65,1
DA:66,1
DA:67,1
DA:68,1
DA:69,1
DA:70,2
DA:71,2
LF:35
LH:32
end_of_record
SF:lib/utils/bloc_provider.dart
DA:8,1
DA:10,1
DA:12,1
DA:13,1
DA:15,1
DA:17,0
DA:21,0
DA:23,0
LF:8
LH:5
end_of_record
